2022-04-13 10:39:59,387:INFO:Created Subject: 1
2022-04-13 10:39:59,387:INFO:Created Subject: 2
2022-04-13 10:39:59,388:INFO:Created Subject: 3
2022-04-13 10:43:24,625:INFO:Loaded Subject: 1
2022-04-13 10:43:24,626:INFO:Loaded Subject: 2
2022-04-13 10:43:24,626:INFO:Loaded Subject: 3
2022-04-13 10:45:47,308:INFO:Data of Subject 1 has been loaded.
2022-04-13 10:45:47,308:INFO:Data of Subject 2 has been loaded.
2022-04-13 10:45:47,308:INFO:Data of Subject 3 has been loaded.
2022-04-13 10:52:08,956:INFO:Data of Subject 1 has been loaded.
2022-04-13 10:52:08,956:INFO:Data of Subject 2 has been loaded.
2022-04-13 10:52:08,956:INFO:Data of Subject 3 has been loaded.
2022-04-13 10:52:10,867:INFO:Data of Subject s has been terminated manually.
2022-04-13 10:52:11,588:INFO:Data of Subject s has been terminated manually.
2022-04-13 10:52:12,742:INFO:Data of Subject  has been terminated manually.
2022-04-13 11:07:10,227:INFO:Data of Subject 1 has been loaded.
2022-04-13 11:07:10,228:INFO:Data of Subject 2 has been loaded.
2022-04-13 11:07:10,228:INFO:Data of Subject 3 has been loaded.
2022-04-13 11:07:15,710:INFO:Test has been terminated manually.
2022-04-13 11:07:16,309:INFO:Test has been terminated manually.
2022-04-13 11:07:17,299:INFO:Test has been terminated manually.
2022-04-13 11:08:52,271:INFO:Data of Subject 1 has been loaded.
2022-04-13 11:08:52,272:INFO:Data of Subject 2 has been loaded.
2022-04-13 11:08:52,272:INFO:Data of Subject 3 has been loaded.
2022-04-13 11:08:55,498:INFO:Test has been terminated manually.
2022-04-13 11:08:56,387:INFO:Test has been terminated manually.
2022-04-13 11:08:57,340:INFO:Test has been terminated manually.
2022-04-13 11:09:37,282:INFO:Data of Subject 1 has been loaded.
2022-04-13 11:09:37,283:INFO:Data of Subject 2 has been loaded.
2022-04-13 11:09:37,283:INFO:Data of Subject 3 has been loaded.
2022-04-13 11:09:39,374:INFO:Test has been terminated manually.
2022-04-13 11:09:39,716:INFO:Test has been terminated manually.
2022-04-13 11:09:40,075:INFO:Test has been terminated manually.
2022-04-13 11:12:48,230:INFO:Data of Subject 1 has been loaded.
2022-04-13 11:12:48,231:INFO:Data of Subject 2 has been loaded.
2022-04-13 11:12:48,231:INFO:Data of Subject 3 has been loaded.
2022-04-13 11:12:51,157:INFO:Test has been terminated manually.
2022-04-13 11:12:52,998:INFO:Test has been terminated manually.
2022-04-13 11:12:54,464:INFO:Test has been terminated manually.
2022-04-13 11:13:24,162:INFO:Data of Subject 1 has been loaded.
2022-04-13 11:13:24,164:INFO:Data of Subject 2 has been loaded.
2022-04-13 11:13:24,164:INFO:Data of Subject 3 has been loaded.
2022-04-13 11:13:25,830:INFO:Test has been terminated manually.
2022-04-13 11:13:26,514:INFO:Test has been terminated manually.
2022-04-13 11:13:27,022:INFO:Test has been terminated manually.
2022-04-13 11:22:29,702:INFO:Data of Subject 1 has been loaded.
2022-04-13 11:22:29,702:INFO:Data of Subject 2 has been loaded.
2022-04-13 11:22:29,703:INFO:Data of Subject 3 has been loaded.
2022-04-13 11:22:30,917:INFO:Test has been terminated manually.
2022-04-13 11:22:38,388:INFO:Test has been terminated manually.
2022-04-13 11:22:40,831:INFO:Test has been terminated manually.
2022-04-13 11:23:26,587:INFO:Data of Subject 1 has been loaded.
2022-04-13 11:23:26,588:INFO:Data of Subject 2 has been loaded.
2022-04-13 11:23:26,588:INFO:Data of Subject 3 has been loaded.
2022-04-13 11:23:33,213:INFO:Test has been terminated manually.
2022-04-13 11:23:36,942:INFO:Test has been terminated manually.
2022-04-13 11:23:38,530:INFO:Test has been terminated manually.
2022-04-13 11:25:26,909:INFO:Data of Subject 1 has been loaded.
2022-04-13 11:25:26,910:INFO:Data of Subject 2 has been loaded.
2022-04-13 11:25:26,910:INFO:Data of Subject 3 has been loaded.
2022-04-13 11:25:28,700:INFO:Test (Subject 1)has been terminated manually.
2022-04-13 11:25:29,062:INFO:Test (Subject 2)has been terminated manually.
2022-04-13 11:25:29,345:INFO:Test (Subject 3)has been terminated manually.
2022-04-13 11:56:25,048:INFO:Data of Subject 1 has been loaded.
2022-04-13 11:56:25,049:INFO:Data of Subject 2 has been loaded.
2022-04-13 11:56:25,049:INFO:Data of Subject 3 has been loaded.
2022-04-13 11:56:26,885:INFO:Test (Subject 1) has been terminated manually.
2022-04-13 11:56:28,728:INFO:Test (Subject 2) has been terminated manually.
2022-04-13 11:56:29,749:INFO:Test (Subject 3) has been terminated manually.
2022-04-13 11:57:07,664:INFO:Data of Subject 1 has been loaded.
2022-04-13 11:57:07,664:INFO:Data of Subject 2 has been loaded.
2022-04-13 11:57:07,665:INFO:Data of Subject 3 has been loaded.
2022-04-13 11:57:12,992:INFO:Test (Subject 1) has been terminated manually.
2022-04-13 11:57:17,598:INFO:Test (Subject 2) has been terminated manually.
2022-04-13 11:57:17,895:INFO:Test (Subject 3) has been terminated manually.
2022-04-13 22:08:19,422:INFO:Data of Subject 1 has been loaded.
2022-04-13 22:08:19,422:INFO:Data of Subject 2 has been loaded.
2022-04-13 22:08:19,422:INFO:Data of Subject 3 has been loaded.
2022-04-13 22:08:21,927:INFO:Test (Subject 1) has been terminated manually.
2022-04-13 22:08:23,518:INFO:Test (Subject 2) has been terminated manually.
2022-04-13 22:08:25,037:INFO:Test (Subject 3) has been terminated manually.
2022-04-13 22:23:29,186:INFO:Data of Subject 1 has been loaded.
2022-04-13 22:23:29,186:INFO:Data of Subject 2 has been loaded.
2022-04-13 22:23:29,186:INFO:Data of Subject 3 has been loaded.
2022-04-13 22:23:32,508:INFO:Test (Subject 1) has been terminated manually.
2022-04-13 22:23:34,023:INFO:Test (Subject 2) has been terminated manually.
2022-04-13 22:23:35,039:INFO:Test (Subject 3) has been terminated manually.
2022-04-13 22:24:31,101:INFO:Data of Subject 1 has been loaded.
2022-04-13 22:24:31,101:INFO:Data of Subject 2 has been loaded.
2022-04-13 22:24:31,101:INFO:Data of Subject 3 has been loaded.
2022-04-13 22:24:33,934:INFO:Test (Subject 1) has been terminated manually.
2022-04-13 22:24:34,664:INFO:Test (Subject 2) has been terminated manually.
2022-04-13 22:24:36,265:INFO:Test (Subject 3) has been terminated manually.
2022-04-13 22:27:25,524:INFO:Data of Subject 1 has been loaded.
2022-04-13 22:27:25,524:INFO:Data of Subject 2 has been loaded.
2022-04-13 22:27:25,524:INFO:Data of Subject 3 has been loaded.
2022-04-13 22:27:30,327:INFO:Test (Subject 1) has been terminated manually.
2022-04-13 22:27:31,142:INFO:Test (Subject 2) has been terminated manually.
2022-04-13 22:27:31,862:INFO:Test (Subject 3) has been terminated manually.
2022-04-13 22:27:57,705:INFO:Test (Subject 1) has been terminated manually.
2022-04-13 22:27:58,195:INFO:Test (Subject 2) has been terminated manually.
2022-04-13 22:27:58,682:INFO:Test (Subject 3) has been terminated manually.
2022-04-13 22:28:34,043:INFO:Test (Subject 1) has been terminated manually.
2022-04-13 22:28:40,823:INFO:Test (Subject 2) has been terminated manually.
2022-04-13 22:28:49,710:INFO:Test (Subject 3) has been terminated manually.
2022-04-13 22:29:39,574:INFO:Test (Subject 1) has been terminated manually.
2022-04-13 22:29:40,768:INFO:Test (Subject 2) has been terminated manually.
2022-04-13 22:29:41,222:INFO:Test (Subject 3) has been terminated manually.
2022-04-13 22:29:50,791:INFO:Test (Subject 1) has been terminated manually.
2022-04-13 22:29:50,991:INFO:Test (Subject 2) has been terminated manually.
2022-04-13 22:29:51,191:INFO:Test (Subject 3) has been terminated manually.
2022-04-13 22:30:23,172:INFO:Test (Subject 1) has been terminated manually.
2022-04-13 22:30:26,814:INFO:Test (Subject 2) has been terminated manually.
2022-04-13 22:30:29,550:INFO:Test (Subject 3) has been terminated manually.
2022-04-13 22:30:39,837:INFO:Test (Subject 1) has been terminated manually.
2022-04-13 22:30:40,069:INFO:Test (Subject 2) has been terminated manually.
2022-04-13 22:30:42,558:INFO:Test (Subject 3) has been terminated manually.
2022-04-13 22:32:44,876:INFO:Data of Subject 1 has been loaded.
2022-04-13 22:32:44,884:INFO:Data of Subject 2 has been loaded.
2022-04-13 22:32:44,884:INFO:Data of Subject 3 has been loaded.
2022-04-13 22:35:34,030:INFO:Data of Subject 1 has been loaded.
2022-04-13 22:35:34,030:INFO:Data of Subject 2 has been loaded.
2022-04-13 22:35:34,038:INFO:Data of Subject 3 has been loaded.
2022-04-13 22:39:04,117:INFO:Data of Subject 1 has been loaded.
2022-04-13 22:39:04,125:INFO:Data of Subject 2 has been loaded.
2022-04-13 22:39:04,125:INFO:Data of Subject 3 has been loaded.
2022-04-13 22:39:06,423:INFO:Test (Subject 1) has been terminated manually.
2022-04-13 22:39:07,111:INFO:Test (Subject 2) has been terminated manually.
2022-04-13 22:39:07,943:INFO:Test (Subject 3) has been terminated manually.
2022-04-13 22:39:42,114:INFO:Data of Subject 1 has been loaded.
2022-04-13 22:39:42,114:INFO:Data of Subject 2 has been loaded.
2022-04-13 22:39:42,122:INFO:Data of Subject 3 has been loaded.
2022-04-13 22:39:44,435:INFO:Test (Subject 1) has been terminated manually.
2022-04-13 22:39:45,654:INFO:Test (Subject 2) has been terminated manually.
2022-04-13 22:39:54,969:INFO:Test (Subject 3) has been terminated manually.
2022-04-13 22:41:13,022:INFO:Data of Subject 1 has been loaded.
2022-04-13 22:41:13,022:INFO:Data of Subject 2 has been loaded.
2022-04-13 22:41:13,022:INFO:Data of Subject 3 has been loaded.
2022-04-13 22:41:22,559:INFO:Test (Subject 1) has been terminated manually.
2022-04-13 22:41:25,578:INFO:Test (Subject 2) has been terminated manually.
2022-04-13 22:41:27,012:INFO:Test (Subject 3) has been terminated manually.
2022-04-14 10:21:16,877:INFO:Data of Subject 1 has been loaded.
2022-04-14 10:21:16,880:INFO:Data of Subject 2 has been loaded.
2022-04-14 10:21:16,881:INFO:Data of Subject 3 has been loaded.
2022-04-14 10:25:26,373:INFO:Data of Subject 1 has been loaded.
2022-04-14 10:25:26,374:INFO:Data of Subject 2 has been loaded.
2022-04-14 10:25:26,374:INFO:Data of Subject 3 has been loaded.
2022-04-14 10:25:29,879:INFO:Test (Subject 1) has been terminated manually.
2022-04-14 10:25:31,572:INFO:Test (Subject 2) has been terminated manually.
2022-04-14 10:25:33,312:INFO:Test (Subject 3) has been terminated manually.
2022-04-14 10:25:55,144:INFO:Test (Subject 1) has been terminated manually.
2022-04-14 10:25:55,595:INFO:Test (Subject 2) has been terminated manually.
2022-04-14 10:25:56,062:INFO:Test (Subject 3) has been terminated manually.
2022-04-14 10:26:25,022:INFO:Test (Subject 1) has been terminated manually.
2022-04-14 10:26:25,424:INFO:Test (Subject 2) has been terminated manually.
2022-04-14 10:26:26,453:INFO:Test (Subject 3) has been terminated manually.
2022-04-14 17:25:42,734:INFO:Data of Subject 1 has been loaded.
2022-04-14 17:25:42,746:INFO:Data of Subject 2 has been loaded.
2022-04-14 17:25:42,746:INFO:Data of Subject 3 has been loaded.
2022-04-14 17:25:44,426:INFO:Test (Subject 1) has been terminated manually.
2022-04-14 17:25:44,651:INFO:Test (Subject 2) has been terminated manually.
2022-04-14 17:25:45,091:INFO:Test (Subject 3) has been terminated manually.
2022-04-14 17:28:41,816:INFO:Data of Subject 1 has been loaded.
2022-04-14 17:28:41,827:INFO:Data of Subject 2 has been loaded.
2022-04-14 17:28:41,828:INFO:Data of Subject 3 has been loaded.
2022-04-14 17:28:43,696:INFO:Test (Subject 1) has been terminated manually.
2022-04-14 17:28:44,213:INFO:Test (Subject 2) has been terminated manually.
2022-04-14 17:28:44,623:INFO:Test (Subject 3) has been terminated manually.
2022-04-14 17:30:47,794:INFO:Data of Subject 1 has been loaded.
2022-04-14 17:30:47,806:INFO:Data of Subject 2 has been loaded.
2022-04-14 17:30:47,807:INFO:Data of Subject 3 has been loaded.
2022-04-14 17:30:55,063:INFO:Test (Subject 1) has been terminated manually.
2022-04-14 17:30:58,963:INFO:Test (Subject 2) has been terminated manually.
2022-04-14 17:31:05,341:INFO:Test (Subject 3) has been terminated manually.
2022-04-15 14:13:19,125:INFO:Data of Subject 1 has been loaded.
2022-04-15 14:13:19,133:INFO:Data of Subject 2 has been loaded.
2022-04-15 14:13:19,133:INFO:Data of Subject 3 has been loaded.
2022-04-15 14:13:20,372:INFO:Test (Subject 1) has been terminated manually.
2022-04-15 14:13:20,580:INFO:Test (Subject 2) has been terminated manually.
2022-04-15 14:13:21,051:INFO:Test (Subject 3) has been terminated manually.
2022-04-15 14:14:12,324:INFO:Data of Subject 1 has been loaded.
2022-04-15 14:14:12,324:INFO:Data of Subject 2 has been loaded.
2022-04-15 14:14:12,324:INFO:Data of Subject 3 has been loaded.
2022-04-15 14:14:15,117:INFO:Test (Subject 2) has been terminated manually.
2022-04-15 14:14:16,205:INFO:Test (Subject 3) has been terminated manually.
2022-04-15 14:14:55,288:INFO:Data of Subject 1 has been loaded.
2022-04-15 14:14:55,289:INFO:Data of Subject 2 has been loaded.
2022-04-15 14:14:55,289:INFO:Data of Subject 3 has been loaded.
2022-04-15 14:14:57,107:INFO:Test (Subject 1) has been terminated manually.
2022-04-15 14:14:58,973:INFO:Test (Subject 3) has been terminated manually.
